[0.388s] Invoking command in '/home/araballi/edhitha_ws/build/mavros_extras': CMAKE_PREFIX_PATH=${CMAKE_PREFIX_PATH}:/home/araballi/edhitha_ws/install/amrutha:/opt/ros/humble /usr/bin/cmake /home/araballi/edhitha_ws/src/mavros/mavros_extras -DAMENT_CMAKE_SYMLINK_INSTALL=1 -DCMAKE_INSTALL_PREFIX=/home/araballi/edhitha_ws/install/mavros_extras
[0.732s] -- The C compiler identification is GNU 11.4.0
[1.513s] -- The CXX compiler identification is GNU 11.4.0
[2.024s] -- Detecting C compiler ABI info
[2.323s] -- Detecting C compiler ABI info - done
[2.337s] -- Check for working C compiler: /usr/lib/ccache/cc - skipped
[2.338s] -- Detecting C compile features
[2.339s] -- Detecting C compile features - done
[2.347s] -- Detecting CXX compiler ABI info
[2.650s] -- Detecting CXX compiler ABI info - done
[2.668s] -- Check for working CXX compiler: /usr/lib/ccache/c++ - skipped
[2.669s] -- Detecting CXX compile features
[2.670s] -- Detecting CXX compile features - done
[2.676s] -- Found ament_cmake: 1.3.11 (/opt/ros/humble/share/ament_cmake/cmake)
[4.375s] -- Found Python3: /usr/bin/python3 (found version "3.10.12") found components: Interpreter 
[4.548s] -- Override CMake install command with custom implementation using symlinks instead of copying resources
[4.629s] -- Found rclcpp: 16.0.12 (/opt/ros/humble/share/rclcpp/cmake)
[4.927s] -- Found rosidl_generator_c: 3.1.6 (/opt/ros/humble/share/rosidl_generator_c/cmake)
[4.939s] -- Found rosidl_adapter: 3.1.6 (/opt/ros/humble/share/rosidl_adapter/cmake)
[4.961s] -- Found rosidl_generator_cpp: 3.1.6 (/opt/ros/humble/share/rosidl_generator_cpp/cmake)
[4.989s] -- Using all available rosidl_typesupport_c: rosidl_typesupport_fastrtps_c;rosidl_typesupport_introspection_c
[5.037s] -- Using all available rosidl_typesupport_cpp: rosidl_typesupport_fastrtps_cpp;rosidl_typesupport_introspection_cpp
[5.139s] -- Found rmw_implementation_cmake: 6.1.2 (/opt/ros/humble/share/rmw_implementation_cmake/cmake)
[5.145s] -- Found rmw_fastrtps_cpp: 6.2.7 (/opt/ros/humble/share/rmw_fastrtps_cpp/cmake)
[7.493s] -- Found OpenSSL: /usr/lib/x86_64-linux-gnu/libcrypto.so (found version "3.0.2")  
[9.913s] -- Found FastRTPS: /opt/ros/humble/include  
[14.274s] -- Using RMW implementation 'rmw_fastrtps_cpp' as default
[14.296s] -- Looking for pthread.h
[14.595s] -- Looking for pthread.h - found
[14.596s] -- Performing Test CMAKE_HAVE_LIBC_PTHREAD
[14.879s] -- Performing Test CMAKE_HAVE_LIBC_PTHREAD - Success
[14.881s] -- Found Threads: TRUE  
[15.001s] -- Found rclcpp_components: 16.0.12 (/opt/ros/humble/share/rclcpp_components/cmake)
[15.073s] -- Found pluginlib: 5.1.0 (/opt/ros/humble/share/pluginlib/cmake)
[17.371s] -- Found message_filters: 4.3.7 (/opt/ros/humble/share/message_filters/cmake)
[17.382s] -- Found mavros: 2.10.1 (/home/araballi/edhitha_ws/install/mavros/share/mavros/cmake)
[17.410s] -- Found libmavconn: 2.10.1 (/home/araballi/edhitha_ws/install/libmavconn/share/libmavconn/cmake)
[17.419s] -- Found Eigen3: TRUE (found version "3.4.0") 
[17.427s] -- Found yaml_cpp_vendor: 8.0.2 (/opt/ros/humble/share/yaml_cpp_vendor/cmake)
[17.507s] -- Found GeographicLib: /usr/lib/x86_64-linux-gnu  
[17.512s] -- Found angles: 1.15.0 (/opt/ros/humble/share/angles/cmake)
[17.520s] -- Found eigen_stl_containers: 1.1.0 (/opt/ros/humble/share/eigen_stl_containers/cmake)
[17.530s] -- Found tf2_eigen: 0.25.13 (/opt/ros/humble/share/tf2_eigen/cmake)
[17.811s] -- Found urdf: 2.6.1 (/opt/ros/humble/share/urdf/cmake)
[17.853s] -- Found diagnostic_msgs: 4.9.0 (/opt/ros/humble/share/diagnostic_msgs/cmake)
[17.883s] -- Found diagnostic_updater: 4.0.6 (/opt/ros/humble/share/diagnostic_updater/cmake)
[17.897s] -- Found geographic_msgs: 1.0.6 (/opt/ros/humble/share/geographic_msgs/cmake)
[17.939s] -- Found mavros_msgs: 2.10.1 (/home/araballi/edhitha_ws/install/mavros_msgs/share/mavros_msgs/cmake)
[18.044s] -- Found nav_msgs: 4.9.0 (/opt/ros/humble/share/nav_msgs/cmake)
[18.082s] -- Found std_srvs: 4.9.0 (/opt/ros/humble/share/std_srvs/cmake)
[18.103s] -- Found trajectory_msgs: 4.9.0 (/opt/ros/humble/share/trajectory_msgs/cmake)
[18.204s] -- Found visualization_msgs: 4.9.0 (/opt/ros/humble/share/visualization_msgs/cmake)
[18.293s] -- Found ament_cmake_gtest: 1.3.11 (/opt/ros/humble/share/ament_cmake_gtest/cmake)
[18.297s] -- Found ament_cmake_gmock: 1.3.11 (/opt/ros/humble/share/ament_cmake_gmock/cmake)
[18.301s] -- Found ament_lint_auto: 0.12.12 (/opt/ros/humble/share/ament_lint_auto/cmake)
[22.787s] -- Added test 'cppcheck' to perform static code analysis on C / C++ code
[22.789s] -- Configured cppcheck include dirs: $<BUILD_INTERFACE:/home/araballi/edhitha_ws/src/mavros/mavros_extras/include>
[22.789s] -- Configured cppcheck exclude dirs and/or files: 
[22.802s] -- Added test 'cpplint' to check C / C++ code against the Google style
[22.802s] -- Configured cpplint exclude dirs and/or files: 
[22.808s] -- Added test 'lint_cmake' to check CMake code style
[22.818s] -- Added test 'uncrustify' to check C / C++ code style
[22.818s] -- Configured uncrustify additional arguments: 
[22.820s] -- Added test 'xmllint' to check XML markup files
[22.838s] -- Configuring done
[22.932s] -- Generating done
[22.951s] -- Build files have been written to: /home/araballi/edhitha_ws/build/mavros_extras
[22.981s] Invoked command in '/home/araballi/edhitha_ws/build/mavros_extras' returned '0': CMAKE_PREFIX_PATH=${CMAKE_PREFIX_PATH}:/home/araballi/edhitha_ws/install/amrutha:/opt/ros/humble /usr/bin/cmake /home/araballi/edhitha_ws/src/mavros/mavros_extras -DAMENT_CMAKE_SYMLINK_INSTALL=1 -DCMAKE_INSTALL_PREFIX=/home/araballi/edhitha_ws/install/mavros_extras
[22.986s] Invoking command in '/home/araballi/edhitha_ws/build/mavros_extras': CMAKE_PREFIX_PATH=${CMAKE_PREFIX_PATH}:/home/araballi/edhitha_ws/install/amrutha:/opt/ros/humble /usr/bin/cmake --build /home/araballi/edhitha_ws/build/mavros_extras -- -j16 -l16
[23.188s] [  2%] [32mBuilding CXX object CMakeFiles/mavros_extras.dir/src/lib/servo_state_publisher.cpp.o[0m
[23.188s] [  4%] [32mBuilding CXX object CMakeFiles/servo_state_publisher.dir/rclcpp_components/node_main_servo_state_publisher.cpp.o[0m
[23.189s] [  6%] [32mBuilding CXX object CMakeFiles/mavros_extras_plugins.dir/src/plugins/debug_value.cpp.o[0m
[23.189s] [  9%] [32mBuilding CXX object CMakeFiles/mavros_extras_plugins.dir/src/plugins/cellular_status.cpp.o[0m
[23.189s] [ 11%] [32mBuilding CXX object CMakeFiles/mavros_extras_plugins.dir/src/plugins/adsb.cpp.o[0m
[23.202s] [ 16%] [32mBuilding CXX object CMakeFiles/mavros_extras_plugins.dir/src/plugins/companion_process_status.cpp.o[0m
[23.202s] [ 16%] [32mBuilding CXX object CMakeFiles/mavros_extras_plugins.dir/src/plugins/camera.cpp.o[0m
[23.202s] [ 18%] [32mBuilding CXX object CMakeFiles/mavros_extras_plugins.dir/src/plugins/cam_imu_sync.cpp.o[0m
[23.203s] [ 20%] [32mBuilding CXX object CMakeFiles/mavros_extras_plugins.dir/src/plugins/3dr_radio.cpp.o[0m
[23.216s] [ 23%] [32mBuilding CXX object CMakeFiles/mavros_extras_plugins.dir/src/plugins/esc_status.cpp.o[0m
[23.217s] [ 25%] [32mBuilding CXX object CMakeFiles/mavros_extras_plugins.dir/src/plugins/esc_telemetry.cpp.o[0m
[23.217s] [ 27%] [32mBuilding CXX object CMakeFiles/mavros_extras_plugins.dir/src/plugins/fake_gps.cpp.o[0m
[23.220s] [ 30%] [32mBuilding CXX object CMakeFiles/mavros_extras_plugins.dir/src/plugins/distance_sensor.cpp.o[0m
[23.231s] [ 32%] [32mBuilding CXX object CMakeFiles/mavros_extras_plugins.dir/src/plugins/gimbal_control.cpp.o[0m
[23.234s] [ 34%] [32mBuilding CXX object CMakeFiles/mavros_extras_plugins.dir/src/plugins/gps_input.cpp.o[0m
[23.234s] [ 37%] [32mBuilding CXX object CMakeFiles/mavros_extras_plugins.dir/src/plugins/gps_rtk.cpp.o[0m
[23.384s] [ 39%] [32m[1mLinking CXX executable servo_state_publisher[0m
[23.427s] [ 41%] [32mBuilding CXX object CMakeFiles/mavros_extras_plugins.dir/src/plugins/gps_status.cpp.o[0m
[23.437s] [ 44%] [32mBuilding CXX object CMakeFiles/mavros_extras_plugins.dir/src/plugins/guided_target.cpp.o[0m
[23.446s] [ 46%] [32mBuilding CXX object CMakeFiles/mavros_extras_plugins.dir/src/plugins/hil.cpp.o[0m
[23.463s] [ 48%] [32mBuilding CXX object CMakeFiles/mavros_extras_plugins.dir/src/plugins/mag_calibration_status.cpp.o[0m
[23.468s] [ 51%] [32mBuilding CXX object CMakeFiles/mavros_extras_plugins.dir/src/plugins/landing_target.cpp.o[0m
[23.469s] [ 55%] [32mBuilding CXX object CMakeFiles/mavros_extras_plugins.dir/src/plugins/mocap_pose_estimate.cpp.o[0m
[23.469s] [ 55%] [32mBuilding CXX object CMakeFiles/mavros_extras_plugins.dir/src/plugins/log_transfer.cpp.o[0m
[23.494s] [ 58%] [32mBuilding CXX object CMakeFiles/mavros_extras_plugins.dir/src/plugins/mount_control.cpp.o[0m
[23.504s] [ 60%] [32mBuilding CXX object CMakeFiles/mavros_extras_plugins.dir/src/plugins/obstacle_distance.cpp.o[0m
[23.505s] [ 62%] [32mBuilding CXX object CMakeFiles/mavros_extras_plugins.dir/src/plugins/odom.cpp.o[0m
[23.584s] [ 65%] [32mBuilding CXX object CMakeFiles/mavros_extras_plugins.dir/src/plugins/onboard_computer_status.cpp.o[0m
[23.596s] [ 67%] [32mBuilding CXX object CMakeFiles/mavros_extras_plugins.dir/src/plugins/open_drone_id.cpp.o[0m
[24.006s] [ 67%] Built target servo_state_publisher
[24.047s] [ 69%] [32mBuilding CXX object CMakeFiles/mavros_extras_plugins.dir/src/plugins/optical_flow.cpp.o[0m
[167.522s] [01m[Kc++:[m[K [01;31m[Kfatal error: [m[KKilled signal terminated program cc1plus
[167.551s] compilation terminated.
[167.557s] gmake[2]: *** [CMakeFiles/mavros_extras.dir/build.make:76: CMakeFiles/mavros_extras.dir/src/lib/servo_state_publisher.cpp.o] Error 1
[167.582s] gmake[1]: *** [CMakeFiles/Makefile2:167: CMakeFiles/mavros_extras.dir/all] Error 2
[167.585s] gmake[1]: *** Waiting for unfinished jobs....
[192.793s] [01m[Kc++:[m[K [01;31m[Kfatal error: [m[KKilled signal terminated program cc1plus
[192.796s] compilation terminated.
[192.910s] gmake[2]: *** [CMakeFiles/mavros_extras_plugins.dir/build.make:286: CMakeFiles/mavros_extras_plugins.dir/src/plugins/guided_target.cpp.o] Error 1
[192.916s] gmake[2]: *** Waiting for unfinished jobs....
[243.290s] [01m[Kc++:[m[K [01;31m[Kfatal error: [m[KKilled signal terminated program cc1plus
[243.292s] compilation terminated.
[243.393s] gmake[2]: *** [CMakeFiles/mavros_extras_plugins.dir/build.make:258: CMakeFiles/mavros_extras_plugins.dir/src/plugins/gps_rtk.cpp.o] Error 1
[352.823s] [01m[Kc++:[m[K [01;31m[Kfatal error: [m[KKilled signal terminated program cc1plus
[352.825s] compilation terminated.
[352.924s] gmake[2]: *** [CMakeFiles/mavros_extras_plugins.dir/build.make:300: CMakeFiles/mavros_extras_plugins.dir/src/plugins/hil.cpp.o] Error 1
[431.045s] gmake[1]: *** [CMakeFiles/Makefile2:141: CMakeFiles/mavros_extras_plugins.dir/all] Error 2
[431.051s] gmake: *** [Makefile:146: all] Error 2
[431.452s] Invoked command in '/home/araballi/edhitha_ws/build/mavros_extras' returned '2': CMAKE_PREFIX_PATH=${CMAKE_PREFIX_PATH}:/home/araballi/edhitha_ws/install/amrutha:/opt/ros/humble /usr/bin/cmake --build /home/araballi/edhitha_ws/build/mavros_extras -- -j16 -l16
